0 info it worked if it ends with ok
1 verbose cli [ '/usr/local/bin/node', '/usr/local/bin/npm', 'publish' ]
2 info using npm@3.10.3
3 info using node@v6.6.0
4 verbose publish [ '.' ]
5 silly cache add args [ '.', null ]
6 verbose cache add spec .
7 silly cache add parsed spec Result {
7 silly cache add   raw: '.',
7 silly cache add   scope: null,
7 silly cache add   escapedName: null,
7 silly cache add   name: null,
7 silly cache add   rawSpec: '.',
7 silly cache add   spec: '/Users/ion/Documents/notify-me',
7 silly cache add   type: 'directory' }
8 verbose addLocalDirectory /Users/ion/.npm/notify-me/0.0.1/package.tgz not in flight; packing
9 verbose correctMkdir /Users/ion/.npm correctMkdir not in flight; initializing
10 info lifecycle notify-me@0.0.1~prepublish: notify-me@0.0.1
11 silly lifecycle notify-me@0.0.1~prepublish: no script for prepublish, continuing
12 verbose tar pack [ '/Users/ion/.npm/notify-me/0.0.1/package.tgz',
12 verbose tar pack   '/Users/ion/Documents/notify-me' ]
13 verbose tarball /Users/ion/.npm/notify-me/0.0.1/package.tgz
14 verbose folder /Users/ion/Documents/notify-me
15 verbose addLocalTarball adding from inside cache /Users/ion/.npm/notify-me/0.0.1/package.tgz
16 verbose correctMkdir /Users/ion/.npm correctMkdir not in flight; initializing
17 silly cache afterAdd notify-me@0.0.1
18 verbose afterAdd /Users/ion/.npm/notify-me/0.0.1/package/package.json not in flight; writing
19 verbose correctMkdir /Users/ion/.npm correctMkdir not in flight; initializing
20 verbose afterAdd /Users/ion/.npm/notify-me/0.0.1/package/package.json written
21 silly publish { name: 'notify-me',
21 silly publish   version: '0.0.1',
21 silly publish   description: 'Notification for CSS animation/transition events',
21 silly publish   main: 'gulpfile.js',
21 silly publish   keywords:
21 silly publish    [ 'ES6',
21 silly publish      'CSS',
21 silly publish      'Animation',
21 silly publish      'Template',
21 silly publish      'Jasmine',
21 silly publish      'Tests',
21 silly publish      'Coverage',
21 silly publish      'Karma',
21 silly publish      'Browserify',
21 silly publish      'Gulp' ],
21 silly publish   repository:
21 silly publish    { type: 'git',
21 silly publish      url: 'git+https://github.com/iondrimba/notify-me.git' },
21 silly publish   scripts: { test: 'karma start' },
21 silly publish   author:
21 silly publish    { name: 'Ion D. Filho',
21 silly publish      email: 'iondrimba@gmail.com',
21 silly publish      url: 'https://iondrimbafilho.me' },
21 silly publish   license: 'MIT',
21 silly publish   devDependencies:
21 silly publish    { autoprefixer: '^6.3.3',
21 silly publish      'babel-core': '^6.7.0',
21 silly publish      'babel-polyfill': '^6.6.1',
21 silly publish      'babel-preset-es2015': '^6.6.0',
21 silly publish      babelify: '^7.2.0',
21 silly publish      'browser-sync': '^2.11.1',
21 silly publish      browserify: '^13.0.0',
21 silly publish      'browserify-istanbul': '^1.0.0',
21 silly publish      'es6-promise': '^3.1.2',
21 silly publish      'graceful-fs': '^4.1.3',
21 silly publish      gulp: '^3.9.0',
21 silly publish      'gulp-bump': '^2.0.1',
21 silly publish      'gulp-clean-css': '^2.0.3',
21 silly publish      'gulp-coveralls': '^0.1.4',
21 silly publish      'gulp-eslint': '^2.0.0',
21 silly publish      'gulp-postcss': '^6.1.0',
21 silly publish      'gulp-streamify': '^1.0.2',
21 silly publish      'gulp-sync': '^0.1.4',
21 silly publish      'gulp-uglify': '^1.5.3',
21 silly publish      'gulp-watch': '^4.3.5',
21 silly publish      isarray: '^1.0.0',
21 silly publish      isparta: '^4.0.0',
21 silly publish      istanbul: '^0.4.2',
21 silly publish      jasmine: '^2.4.1',
21 silly publish      'jasmine-core': '^2.4.1',
21 silly publish      karma: '^0.13.22',
21 silly publish      'karma-babel-preprocessor': '^6.0.1',
21 silly publish      'karma-browserify': '^5.0.2',
21 silly publish      'karma-chrome-launcher': '^2.0.0',
21 silly publish      'karma-coverage': '^0.5.5',
21 silly publish      'karma-coverage-es6': '^0.2.7',
21 silly publish      'karma-fixture': '^0.2.6',
21 silly publish      'karma-html2js-preprocessor': '^1.0.0',
21 silly publish      'karma-jasmine': '^0.3.7',
21 silly publish      'karma-jspm': '^2.0.2',
21 silly publish      'karma-phantomjs-launcher': '^1.0.0',
21 silly publish      'karma-sourcemap-loader': '^0.3.7',
21 silly publish      'karma-spec-reporter': '0.0.24',
21 silly publish      'karma-threshold-reporter': '^0.1.15',
21 silly publish      lodash: '^4.6.1',
21 silly publish      'phantomjs-prebuilt': '^2.1.12',
21 silly publish      'rename-me': '0.0.11',
21 silly publish      semver: '^5.1.0',
21 silly publish      stringify: '^5.0.0',
21 silly publish      'vinyl-source-stream': '^1.1.0',
21 silly publish      watchify: '^3.7.0' },
21 silly publish   dependencies: {},
21 silly publish   readme: '# NotifyMe\n\nNotify CSS animation/transition events\n\n[![Travis build status](https://travis-ci.org/iondrimba/notify-me.svg?branch=master)](https://travis-ci.org/iondrimba/notify-me) [![Build Status: Windows](https://ci.appveyor.com/api/projects/status/32r7s2skrgm9ubva/branch/master?svg=true)](https://ci.appveyor.com/project/iondrimba/notify-me/branch/master) [![Coverage Status](https://coveralls.io/repos/github/iondrimba/notify-me/badge.svg?branch=master)](https://coveralls.io/github/iondrimba/notify-me?branch=master)\n\n#### GOAL:\nProvide a simple way of adding/removing event listeners for CSS animation/transition.\n### [Live demo]\n#\n\n#### Build Requires:\n\n* NodeJs\n* Gulp\n\n## Installation\n\n```sh\n $ npm install notify-me --save-dev\n```\n\n## Gulp Tasks\n```js\ngulp default (runs on local server)\n\ngulp deploy (deploys ES6 version)\n\ngulp transpiled (deploys transpiled version)\n```\n\n## Testing:\n```\nnpm test\n```\n\n## Package contains two files:\n```js\ndist/notify-me.js (ES6)\ndist/notify-me-transpiled.js (ES5/transpiled)\n```\n\n## Ways to import\n\n```html\n//ES6\nimport NotifyMe from \'./notify-me\';\n\n//CommonJS\nvar NotifyMe = require(\'notify-me-transpiled.js\');\n\n//inline script\n<script src="notify-me-transpiled.js"></script>\n```\n\n## CSS Demo\n```\nbutton {\n\topacity:0;\n\ttransition: opacity .3s;\n}\n\nh1 {\n\tanimation:animationShow .5s 1 forwards cubic-bezier(0.68, -0.55, 0.265, 1.55);\n}\n\n@keyframes animationShow {\n\t0% {\n\t    opacity: 0;\n\t}\n\t100% {\n\t    opacity: 1;\n\t}\n}\n\n```\n\n## Usage ES6\n```js\nimport NotifyMe from \'./notify-me\';\n\n//setup\nlet notifyMe = new NotifyMe();\n\n//DOM element\nlet elm = document.getElementsByClassName(\'any-selector\')[0];\n\n//add transition listener to an DOM element\nnotifyMe.transitionEnd(elm, () => {\n\tconsole.log(\'transition complete\');\n});\n\n//add animation listener to any animation on the element\nnotifyMe.animationEnd(elm, (e) => {\n    console.log(\'animation complete\');\n});\n\n//add animation listener to a specific animation by name\nnotifyMe.animationEnd(elm, (e) => {\n    console.log(\'animation complete\');\n}, \'animationName\');\n\n//remove transition listener from the element\nnotifyMe.removeTransitionListener(elm);\n\n//remove animation listener from the element\nnotifyMe.removeAnimationListener(elm);\n\n```\n\n## Usage (Transpiled)\n```js\n//setup\nvar notifyMe = new NotifyMe();\n\n//DOM element\nvar elm = document.getElementsByClassName(\'any-selector\')[0];\n\n//add transition listener to an DOM element\nnotifyMe.transitionEnd(elm, function() {\n\tconsole.log(\'transition complete\');\n});\n\n//add animation listener to any animation on the element\nnotifyMe.animationEnd(elm, function() {\n    console.log(\'animation complete\');\n});\n\n//add animation listener to a specific animation by name\nnotifyMe.animationEnd(elm, function() {\n    console.log(\'animation complete\');\n}, \'animationName\');\n\n//remove transition listener from the element\nnotifyMe.removeTransitionListener(elm);\n\n//remove animation listener from the element\nnotifyMe.removeAnimationListener(elm);\n\n```\n\n\n[Live demo]:<http://iondrimba.github.io/notify-me/>\n',
21 silly publish   readmeFilename: 'README.md',
21 silly publish   gitHead: 'ca40e5c4f12e822b826fea45a12914c42c054868',
21 silly publish   bugs: { url: 'https://github.com/iondrimba/notify-me/issues' },
21 silly publish   homepage: 'https://github.com/iondrimba/notify-me#readme',
21 silly publish   _id: 'notify-me@0.0.1',
21 silly publish   _shasum: 'd2e371b2331447975a8ddf2d1ebfcc2d11fdc353',
21 silly publish   _from: '.' }
22 verbose getPublishConfig undefined
23 silly mapToRegistry name notify-me
24 silly mapToRegistry using default registry
25 silly mapToRegistry registry https://registry.npmjs.org/
26 silly mapToRegistry data Result {
26 silly mapToRegistry   raw: 'notify-me',
26 silly mapToRegistry   scope: null,
26 silly mapToRegistry   escapedName: 'notify-me',
26 silly mapToRegistry   name: 'notify-me',
26 silly mapToRegistry   rawSpec: '',
26 silly mapToRegistry   spec: 'latest',
26 silly mapToRegistry   type: 'tag' }
27 silly mapToRegistry uri https://registry.npmjs.org/notify-me
28 verbose publish registryBase https://registry.npmjs.org/
29 silly publish uploading /Users/ion/.npm/notify-me/0.0.1/package.tgz
30 verbose request uri https://registry.npmjs.org/notify-me
31 verbose request sending authorization for write operation
32 info attempt registry request try #1 at 14:09:55
33 verbose request using bearer token for auth
34 verbose request id 0bb7816ad4e91b72
35 http request PUT https://registry.npmjs.org/notify-me
36 http 403 https://registry.npmjs.org/notify-me
37 verbose headers { 'content-type': 'application/json',
37 verbose headers   'cache-control': 'max-age=300',
37 verbose headers   'content-length': '103',
37 verbose headers   'accept-ranges': 'bytes',
37 verbose headers   date: 'Tue, 04 Oct 2016 17:09:57 GMT',
37 verbose headers   via: '1.1 varnish',
37 verbose headers   connection: 'keep-alive',
37 verbose headers   'x-served-by': 'cache-iad2623-IAD',
37 verbose headers   'x-cache': 'MISS',
37 verbose headers   'x-cache-hits': '0',
37 verbose headers   'x-timer': 'S1475600997.216225,VS0,VE355',
37 verbose headers   vary: 'Accept-Encoding' }
38 verbose request invalidating /Users/ion/.npm/registry.npmjs.org/notify-me on PUT
39 error publish Failed PUT 403
40 verbose stack Error: you do not have permission to publish "notify-me". Are you logged in as the correct user? : notify-me
40 verbose stack     at makeError (/usr/local/lib/node_modules/npm/node_modules/npm-registry-client/lib/request.js:264:12)
40 verbose stack     at CachingRegistryClient.<anonymous> (/usr/local/lib/node_modules/npm/node_modules/npm-registry-client/lib/request.js:252:14)
40 verbose stack     at Request._callback (/usr/local/lib/node_modules/npm/node_modules/npm-registry-client/lib/request.js:172:14)
40 verbose stack     at Request.self.callback (/usr/local/lib/node_modules/npm/node_modules/request/request.js:200:22)
40 verbose stack     at emitTwo (events.js:106:13)
40 verbose stack     at Request.emit (events.js:191:7)
40 verbose stack     at Request.<anonymous> (/usr/local/lib/node_modules/npm/node_modules/request/request.js:1067:10)
40 verbose stack     at emitOne (events.js:101:20)
40 verbose stack     at Request.emit (events.js:188:7)
40 verbose stack     at IncomingMessage.<anonymous> (/usr/local/lib/node_modules/npm/node_modules/request/request.js:988:12)
41 verbose statusCode 403
42 verbose pkgid notify-me
43 verbose cwd /Users/ion/Documents/notify-me
44 error Darwin 15.6.0
45 error argv "/usr/local/bin/node" "/usr/local/bin/npm" "publish"
46 error node v6.6.0
47 error npm  v3.10.3
48 error code E403
49 error you do not have permission to publish "notify-me". Are you logged in as the correct user? : notify-me
50 error If you need help, you may report this error at:
50 error     <https://github.com/npm/npm/issues>
51 verbose exit [ 1, true ]
